{"C:\\Leonid\\Proga\\Frontend\\TodoList\\src\\App.tsx": {"path":"C:\\Leonid\\Proga\\Frontend\\TodoList\\src\\App.tsx","statementMap":{"0":{"start":{"line":2,"column":2},"end":{"line":5,"column":null}},"1":{"start":{"line":8,"column":0},"end":{"line":8,"column":null}}},"fnMap":{"0":{"name":"App","decl":{"start":{"line":1,"column":9},"end":{"line":1,"column":12}},"loc":{"start":{"line":1,"column":12},"end":{"line":6,"column":1}}}},"branchMap":{},"s":{"0":0,"1":0},"f":{"0":0},"b":{}}
,"C:\\Leonid\\Proga\\Frontend\\TodoList\\src\\main.tsx": {"path":"C:\\Leonid\\Proga\\Frontend\\TodoList\\src\\main.tsx","statementMap":{"0":{"start":{"line":1,"column":0},"end":{"line":1,"column":34}},"1":{"start":{"line":2,"column":0},"end":{"line":2,"column":45}},"2":{"start":{"line":3,"column":0},"end":{"line":3,"column":20}},"3":{"start":{"line":4,"column":0},"end":{"line":4,"column":27}},"4":{"start":{"line":6,"column":0},"end":{"line":10,"column":null}}},"fnMap":{},"branchMap":{},"s":{"0":0,"1":0,"2":0,"3":0,"4":0},"f":{},"b":{}}
,"C:\\Leonid\\Proga\\Frontend\\TodoList\\src\\vite-env.d.ts": {"path":"C:\\Leonid\\Proga\\Frontend\\TodoList\\src\\vite-env.d.ts","statementMap":{},"fnMap":{},"branchMap":{},"s":{},"f":{},"b":{}}
,"C:\\Leonid\\Proga\\Frontend\\TodoList\\src\\components\\Greet.tsx": {"path":"C:\\Leonid\\Proga\\Frontend\\TodoList\\src\\components\\Greet.tsx","statementMap":{"0":{"start":{"line":1,"column":21},"end":{"line":1,"column":null}},"1":{"start":{"line":1,"column":28},"end":{"line":1,"column":49}},"2":{"start":{"line":1,"column":54},"end":{"line":5,"column":2}},"3":{"start":{"line":1,"column":13},"end":{"line":1,"column":21}}},"fnMap":{"0":{"name":"(anonymous_0)","decl":{"start":{"line":1,"column":21},"end":{"line":1,"column":22}},"loc":{"start":{"line":1,"column":49},"end":{"line":1,"column":null}}}},"branchMap":{"0":{"loc":{"start":{"line":3,"column":12},"end":{"line":3,"column":36}},"type":"cond-expr","locations":[{"start":{"line":3,"column":19},"end":{"line":3,"column":23}},{"start":{"line":3,"column":26},"end":{"line":3,"column":36}}]}},"s":{"0":1,"1":2,"2":2,"3":1},"f":{"0":2},"b":{"0":[1,1]}}
}
